<?xml version="1.0" encoding="UTF-8"?>
<testsuite xmlns:xsi="http://www.w3.org/2001/XMLSchema-instance" xsi:noNamespaceSchemaLocation="https://maven.apache.org/surefire/maven-surefire-plugin/xsd/surefire-test-report-3.0.xsd" version="3.0" name="cucumber.Options.TestRunner" time="8.576" tests="2" errors="0" skipped="0" failures="0">
  <properties>
[...]
</properties>
  <testcase name="verify place being sucessfully added or not" classname="Validate Add Place API" time="4.806">
    <system-out><![CDATA[HTTP/1.1 200 OK
Date: Thu, 21 Mar 2024 12:44:35 GMT
Server: Apache/2.4.52 (Ubuntu)
Access-Control-Allow-Origin: *
Access-Control-Allow-Methods: POST
Access-Control-Max-Age: 3600
Access-Control-Allow-Headers: Content-Type, Access-Control-Allow-Headers, Authorization, X-Requested-With
Content-Length: 194
Keep-Alive: timeout=5, max=100
Connection: Keep-Alive
Content-Type: application/json;charset=UTF-8

{
    "status": "OK",
    "place_id": "c95701db54ee31ae83b2e49788ba9a61",
    "scope": "APP",
    "reference": "d787ee1cf6de0170c4e4a36d776934b4d787ee1cf6de0170c4e4a36d776934b4",
    "id": "d787ee1cf6de0170c4e4a36d776934b4"
}
c95701db54ee31ae83b2e49788ba9a61
HTTP/1.1 200 OK
Date: Thu, 21 Mar 2024 12:44:37 GMT
Server: Apache/2.4.52 (Ubuntu)
Access-Control-Allow-Origin: *
Access-Control-Allow-Methods: POST
Access-Control-Max-Age: 3600
Access-Control-Allow-Headers: Content-Type, Access-Control-Allow-Headers, Authorization, X-Requested-With
Content-Length: 217
Keep-Alive: timeout=5, max=100
Connection: Keep-Alive
Content-Type: application/json;charset=UTF-8

{
    "location": {
        "latitude": "38.383494",
        "longitude": "33.427362"
    },
    "accuracy": "50",
    "name": "Yogesh",
    "phone_number": "9604677424",
    "address": "Rahata",
    "types": "shoe park,shop",
    "website": "yogeshnalepatil.com",
    "language": "Shirdi"
}
]]></system-out>
    <system-err><![CDATA[Mar 21, 2024 6:14:32 PM io.cucumber.core.options.CucumberPropertiesParser lambda$warnWhenCucumberOptionsIsUsed$2
WARNING: Passing commandline options via the property 'cucumber.options' is no longer supported. Please use individual properties instead. See the java doc on io.cucumber.core.options.Constants for details.
Mar 21, 2024 6:14:33 PM io.cucumber.core.options.CucumberPropertiesParser lambda$warnWhenCucumberOptionsIsUsed$2
WARNING: Passing commandline options via the property 'cucumber.options' is no longer supported. Please use individual properties instead. See the java doc on io.cucumber.core.options.Constants for details.
]]></system-err>
  </testcase>
  <testcase name="Delete Place API" classname="Validate Add Place API" time="3.269">
    <system-out><![CDATA[HTTP/1.1 200 OK
Date: Thu, 21 Mar 2024 12:44:39 GMT
Server: Apache/2.4.52 (Ubuntu)
Access-Control-Allow-Origin: *
Access-Control-Allow-Methods: POST
Access-Control-Max-Age: 3600
Access-Control-Allow-Headers: Content-Type, Access-Control-Allow-Headers, Authorization, X-Requested-With
Content-Length: 194
Keep-Alive: timeout=5, max=100
Connection: Keep-Alive
Content-Type: application/json;charset=UTF-8

{
    "status": "OK",
    "place_id": "bf81eec371b89898a3c561793c489b03",
    "scope": "APP",
    "reference": "10a2e3f18f5ea689a7caf692638d279f10a2e3f18f5ea689a7caf692638d279f",
    "id": "10a2e3f18f5ea689a7caf692638d279f"
}
bf81eec371b89898a3c561793c489b03
HTTP/1.1 200 OK
Date: Thu, 21 Mar 2024 12:44:39 GMT
Server: Apache/2.4.52 (Ubuntu)
Access-Control-Allow-Origin: *
Access-Control-Allow-Methods: POST
Access-Control-Max-Age: 3600
Access-Control-Allow-Headers: Content-Type, Access-Control-Allow-Headers, Authorization, X-Requested-With
Content-Length: 213
Keep-Alive: timeout=5, max=100
Connection: Keep-Alive
Content-Type: application/json;charset=UTF-8

{
    "location": {
        "latitude": "38.383494",
        "longitude": "33.427362"
    },
    "accuracy": "50",
    "name": "Shiv",
    "phone_number": "9604677424",
    "address": "Shiv1",
    "types": "shoe park,shop",
    "website": "yogeshnalepatil.com",
    "language": "Shiv2"
}
{place_id=bf81eec371b89898a3c561793c489b03}
HTTP/1.1 200 OK
Date: Thu, 21 Mar 2024 12:44:40 GMT
Server: Apache/2.4.52 (Ubuntu)
Access-Control-Allow-Origin: *
Access-Control-Allow-Methods: POST
Access-Control-Max-Age: 3600
Access-Control-Allow-Headers: Content-Type, Access-Control-Allow-Headers, Authorization, X-Requested-With
Content-Length: 15
Keep-Alive: timeout=5, max=100
Connection: Keep-Alive
Content-Type: application/json;charset=UTF-8

{
    "status": "OK"
}
]]></system-out>
  </testcase>
</testsuite>